<?xml version="1.0" encoding="UTF-8"?>
<testng-results skipped="0" failed="1" ignored="0" total="7" passed="6">
  <reporter-output>
  </reporter-output>
  <suite name="Default suite" duration-ms="35380" started-at="2019-06-05T06:36:10Z" finished-at="2019-06-05T06:36:45Z">
    <groups>
    </groups>
    <test name="Default test" duration-ms="35380" started-at="2019-06-05T06:36:10Z" finished-at="2019-06-05T06:36:45Z">
      <class name="com.sdp.auto.RunSuite">
        <test-method status="PASS" signature="reports()[pri:0, instance:com.sdp.auto.RunSuite@1e88b3c]" name="reports" is-config="true" duration-ms="265" started-at="2019-06-05T06:36:10Z" finished-at="2019-06-05T06:36:10Z">
          <reporter-output>
          </reporter-output>
        </test-method> <!-- reports -->
        <test-method status="PASS" signature="browser()[pri:0, instance:com.sdp.auto.RunSuite@1e88b3c]" name="browser" is-config="true" duration-ms="6478" started-at="2019-06-05T06:36:10Z" finished-at="2019-06-05T06:36:16Z">
          <reporter-output>
          </reporter-output>
        </test-method> <!-- browser -->
        <test-method status="PASS" signature="test()[pri:1, instance:com.sdp.auto.RunSuite@1e88b3c]" name="test" duration-ms="458" started-at="2019-06-05T06:36:17Z" finished-at="2019-06-05T06:36:17Z">
          <reporter-output>
          </reporter-output>
        </test-method> <!-- test -->
        <test-method status="PASS" signature="login()[pri:2, instance:com.sdp.auto.RunSuite@1e88b3c]" name="login" duration-ms="3805" started-at="2019-06-05T06:36:17Z" finished-at="2019-06-05T06:36:21Z">
          <reporter-output>
          </reporter-output>
        </test-method> <!-- login -->
        <test-method status="PASS" signature="tabsActions()[pri:3, instance:com.sdp.auto.RunSuite@1e88b3c]" name="tabsActions" duration-ms="9112" started-at="2019-06-05T06:36:21Z" finished-at="2019-06-05T06:36:30Z">
          <reporter-output>
          </reporter-output>
        </test-method> <!-- tabsActions -->
        <test-method status="PASS" signature="userMgmtAct()[pri:4, instance:com.sdp.auto.RunSuite@1e88b3c]" name="userMgmtAct" duration-ms="1724" started-at="2019-06-05T06:36:30Z" finished-at="2019-06-05T06:36:32Z">
          <reporter-output>
          </reporter-output>
        </test-method> <!-- userMgmtAct -->
        <test-method status="PASS" signature="userActions()[pri:5, instance:com.sdp.auto.RunSuite@1e88b3c]" name="userActions" duration-ms="3571" started-at="2019-06-05T06:36:32Z" finished-at="2019-06-05T06:36:35Z">
          <reporter-output>
          </reporter-output>
        </test-method> <!-- userActions -->
        <test-method status="FAIL" signature="addSubscr()[pri:6, instance:com.sdp.auto.RunSuite@1e88b3c]" name="addSubscr" duration-ms="1406" started-at="2019-06-05T06:36:35Z" finished-at="2019-06-05T06:36:37Z">
          <exception class="java.lang.IllegalArgumentException">
            <message>
              <![CDATA[Cannot find elements when the XPath is null.]]>
            </message>
            <full-stacktrace>
              <![CDATA[java.lang.IllegalArgumentException: Cannot find elements when the XPath is null.
at org.openqa.selenium.By$ByXPath.<init>(By.java:339)
at org.openqa.selenium.By.xpath(By.java:92)
at com.sdp.auto.AddSubscribers.cancelFun(AddSubscribers.java:63)
at com.sdp.auto.RunSuite.addSubscr(RunSuite.java:53)
at sun.reflect.NativeMethodAccessorImpl.invoke0(Native Method)
at sun.reflect.NativeMethodAccessorImpl.invoke(NativeMethodAccessorImpl.java:62)
at sun.reflect.DelegatingMethodAccessorImpl.invoke(DelegatingMethodAccessorImpl.java:43)
at java.lang.reflect.Method.invoke(Method.java:498)
at org.testng.internal.MethodInvocationHelper.invokeMethod(MethodInvocationHelper.java:124)
at org.testng.internal.Invoker.invokeMethod(Invoker.java:583)
at org.testng.internal.Invoker.invokeTestMethod(Invoker.java:719)
at org.testng.internal.Invoker.invokeTestMethods(Invoker.java:989)
at org.testng.internal.TestMethodWorker.invokeTestMethods(TestMethodWorker.java:125)
at org.testng.internal.TestMethodWorker.run(TestMethodWorker.java:109)
at org.testng.TestRunner.privateRun(TestRunner.java:648)
at org.testng.TestRunner.run(TestRunner.java:505)
at org.testng.SuiteRunner.runTest(SuiteRunner.java:455)
at org.testng.SuiteRunner.runSequentially(SuiteRunner.java:450)
at org.testng.SuiteRunner.privateRun(SuiteRunner.java:415)
at org.testng.SuiteRunner.run(SuiteRunner.java:364)
at org.testng.SuiteRunnerWorker.runSuite(SuiteRunnerWorker.java:52)
at org.testng.SuiteRunnerWorker.run(SuiteRunnerWorker.java:84)
at org.testng.TestNG.runSuitesSequentially(TestNG.java:1208)
at org.testng.TestNG.runSuitesLocally(TestNG.java:1137)
at org.testng.TestNG.runSuites(TestNG.java:1049)
at org.testng.TestNG.run(TestNG.java:1017)
at org.testng.remote.AbstractRemoteTestNG.run(AbstractRemoteTestNG.java:115)
at org.testng.remote.RemoteTestNG.initAndRun(RemoteTestNG.java:251)
at org.testng.remote.RemoteTestNG.main(RemoteTestNG.java:77)
]]>
            </full-stacktrace>
          </exception> <!-- java.lang.IllegalArgumentException -->
          <reporter-output>
          </reporter-output>
        </test-method> <!-- addSubscr -->
        <test-method status="PASS" signature="logout()[pri:7, instance:com.sdp.auto.RunSuite@1e88b3c]" name="logout" duration-ms="5432" started-at="2019-06-05T06:36:37Z" finished-at="2019-06-05T06:36:42Z">
          <reporter-output>
          </reporter-output>
        </test-method> <!-- logout -->
        <test-method status="PASS" signature="closeBrowser()[pri:0, instance:com.sdp.auto.RunSuite@1e88b3c]" name="closeBrowser" is-config="true" duration-ms="3036" started-at="2019-06-05T06:36:42Z" finished-at="2019-06-05T06:36:45Z">
          <reporter-output>
          </reporter-output>
        </test-method> <!-- closeBrowser -->
      </class> <!-- com.sdp.auto.RunSuite -->
    </test> <!-- Default test -->
  </suite> <!-- Default suite -->
</testng-results>
